Using pre-set license
Built from '2020.2/release' branch; Version is '2020.2.2f1 (068178b99f32) revision 426360'; Using compiler version '192528614'; Build Type 'Release'
OS: 'Windows 10 Home Single Language; OS build 19042.1052; Version 2009; 64bit' Language: 'ru' Physical Memory: 4011 MB
BatchMode: 1, IsHumanControllingUs: 0, StartBugReporterOnCrash: 0, Is64bit: 1, IsPro: 0

 COMMAND LINE ARGUMENTS:
C:\Program Files\Unity\Hub\Editor\2020.2.2f1\Editor\Unity.exe
-adb2
-batchMode
-noUpm
-name
AssetImportWorker0
-projectPath
D:/Projects/TowerBattle
-logFile
Logs/AssetImportWorker0.log
-srvPort
63956
Successfully changed project path to: D:/Projects/TowerBattle
D:/Projects/TowerBattle
Using Asset Import Pipeline V2.
Refreshing native plugins compatible for Editor in 203.20 ms, found 1 plugins.
Preloading 0 native plugins for Editor in 0.00 ms.
Initialize engine version: 2020.2.2f1 (068178b99f32)
[Subsystems] Discovering subsystems at path C:/Program Files/Unity/Hub/Editor/2020.2.2f1/Editor/Data/Resources/UnitySubsystems
[Subsystems] Discovering subsystems at path D:/Projects/TowerBattle/Assets
GfxDevice: creating device client; threaded=0
Direct3D:
    Version:  Direct3D 11.0 [level 11.0]
    Renderer: NVIDIA GeForce MX110 (ID=0x174e)
    Vendor:   
    VRAM:     2010 MB
    Driver:   27.21.14.6230
Initialize mono
Mono path[0] = 'C:/Program Files/Unity/Hub/Editor/2020.2.2f1/Editor/Data/Managed'
Mono path[1] = 'C:/Program Files/Unity/Hub/Editor/2020.2.2f1/Editor/Data/MonoBleedingEdge/lib/mono/unityjit'
Mono config path = 'C:/Program Files/Unity/Hub/Editor/2020.2.2f1/Editor/Data/MonoBleedingEdge/etc'
Using monoOptions --debugger-agent=transport=dt_socket,embedding=1,server=y,suspend=n,address=127.0.0.1:56156
Begin MonoManager ReloadAssembly
Registering precompiled unity dll's ...
Register platform support module: C:/Program Files/Unity/Hub/Editor/2020.2.2f1/Editor/Data/PlaybackEngines/WindowsStandaloneSupport/UnityEditor.WindowsStandalone.Extensions.dll
Registered in 0.003724 seconds.
Native extension for WindowsStandalone target not found
Refreshing native plugins compatible for Editor in 68.03 ms, found 1 plugins.
Preloading 0 native plugins for Editor in 0.00 ms.
Invoked RoslynAnalysisRunner static constructor.
RoslynAnalysisRunner will not be running.
RoslynAnalysisRunner has terminated.
Mono: successfully reloaded assembly
- Completed reload, in  6.151 seconds
Platform modules already initialized, skipping
Registering precompiled user dll's ...
Registered in 0.002521 seconds.
Begin MonoManager ReloadAssembly
Native extension for WindowsStandalone target not found
Refreshing native plugins compatible for Editor in 112.01 ms, found 1 plugins.
Preloading 0 native plugins for Editor in 0.00 ms.
Invoked RoslynAnalysisRunner static constructor.
RoslynAnalysisRunner will not be running.
RoslynAnalysisRunner has terminated.
Mono: successfully reloaded assembly
- Completed reload, in  2.221 seconds
Platform modules already initialized, skipping
========================================================================
Worker process is ready to serve import requests
Launched and connected shader compiler UnityShaderCompiler.exe after 0.09 seconds
Refreshing native plugins compatible for Editor in 1.66 ms, found 1 plugins.
Preloading 0 native plugins for Editor in 0.00 ms.
Unloading 1797 Unused Serialized files (Serialized files now loaded: 0)
System memory in use before: 84.3 MB.
System memory in use after: 84.3 MB.

Unloading 24 unused Assets to reduce memory usage. Loaded Objects now: 2238.
Total: 35.612900 ms (FindLiveObjects: 4.838000 ms CreateObjectMapping: 0.242900 ms MarkObjects: 29.523800 ms  DeleteObjects: 0.980900 ms)

========================================================================
Received Import Request.
  path: Assets/Scripts/IOwner.cs
  artifactKey: Guid(f85e4c27c37ebdb4dbe66a511f7e1c2e) Importer(815301076,1909f56bfc062723c751e8b465ee728b)
Start importing Assets/Scripts/IOwner.cs using Guid(f85e4c27c37ebdb4dbe66a511f7e1c2e) Importer(815301076,1909f56bfc062723c751e8b465ee728b)  -> (artifact id: '15bcee04ebbf372ba61763bfce897b6d') in 0.129646 seconds
  Import took 0.138540 seconds .

========================================================================
Received Import Request.
  Time since last request: 257.577260 seconds.
  path: Assets/Scripts/Owner
  artifactKey: Guid(da0846a4058a1a841a08b15d3165d387) Importer(815301076,1909f56bfc062723c751e8b465ee728b)
Start importing Assets/Scripts/Owner using Guid(da0846a4058a1a841a08b15d3165d387) Importer(815301076,1909f56bfc062723c751e8b465ee728b)  -> (artifact id: '682836877ca44e0f20da319f5e9c7841') in 0.025543 seconds
  Import took 0.075419 seconds .

========================================================================
Received Import Request.
  Time since last request: 0.002506 seconds.
  path: Assets/Scripts/Owner
  artifactKey: Guid(da0846a4058a1a841a08b15d3165d387) Importer(815301076,1909f56bfc062723c751e8b465ee728b)
Start importing Assets/Scripts/Owner using Guid(da0846a4058a1a841a08b15d3165d387) Importer(815301076,1909f56bfc062723c751e8b465ee728b)  -> (artifact id: '682836877ca44e0f20da319f5e9c7841') in 0.018031 seconds
  Import took 0.025765 seconds .

========================================================================
Received Import Request.
  Time since last request: 9.606260 seconds.
  path: Assets/Scripts/Owner/Player.cs
  artifactKey: Guid(a55f8779c738ba844867ff6bea7ec4f7) Importer(815301076,1909f56bfc062723c751e8b465ee728b)
Start importing Assets/Scripts/Owner/Player.cs using Guid(a55f8779c738ba844867ff6bea7ec4f7) Importer(815301076,1909f56bfc062723c751e8b465ee728b)  -> (artifact id: '69fc707b6c67c29664675d96f9e027e4') in 0.057919 seconds
  Import took 0.069017 seconds .

========================================================================
Received Import Request.
  Time since last request: 8.706963 seconds.
  path: Assets/Scripts/Owner/AI.cs
  artifactKey: Guid(92ec1eb90117abf4ea4ec250478943af) Importer(815301076,1909f56bfc062723c751e8b465ee728b)
Start importing Assets/Scripts/Owner/AI.cs using Guid(92ec1eb90117abf4ea4ec250478943af) Importer(815301076,1909f56bfc062723c751e8b465ee728b)  -> (artifact id: '79f42034d4a04577130e7e00ecf42503') in 0.070218 seconds
  Import took 0.085343 seconds .

========================================================================
Received Import Request.
  Time since last request: 19.220843 seconds.
  path: Assets/Scripts/Owner/Neutral.cs
  artifactKey: Guid(ebb5991322080e84c84afb33d4e958af) Importer(815301076,1909f56bfc062723c751e8b465ee728b)
Start importing Assets/Scripts/Owner/Neutral.cs using Guid(ebb5991322080e84c84afb33d4e958af) Importer(815301076,1909f56bfc062723c751e8b465ee728b)  -> (artifact id: '47f042215517a390f8fd2936c7585a84') in 0.068027 seconds
  Import took 0.082572 seconds .

========================================================================
Received Import Request.
  Time since last request: 38.785066 seconds.
  path: Assets/Scripts/Transport.cs
  artifactKey: Guid(7c8495b93ddf58a42905ee3d03ba389b) Importer(815301076,1909f56bfc062723c751e8b465ee728b)
Start importing Assets/Scripts/Transport.cs using Guid(7c8495b93ddf58a42905ee3d03ba389b) Importer(815301076,1909f56bfc062723c751e8b465ee728b)  -> (artifact id: '9cebe7c44ab4b232252b9b9d2cc43dc9') in 0.048120 seconds
  Import took 0.066032 seconds .

========================================================================
Received Prepare
Registering precompiled user dll's ...
Registered in 0.002234 seconds.
Begin MonoManager ReloadAssembly
Native extension for WindowsStandalone target not found
Refreshing native plugins compatible for Editor in 0.48 ms, found 1 plugins.
Preloading 0 native plugins for Editor in 0.00 ms.
Invoked RoslynAnalysisRunner static constructor.
RoslynAnalysisRunner will not be running.
RoslynAnalysisRunner has terminated.
Mono: successfully reloaded assembly
- Completed reload, in  1.537 seconds
Platform modules already initialized, skipping
Refreshing native plugins compatible for Editor in 0.48 ms, found 1 plugins.
Preloading 0 native plugins for Editor in 0.00 ms.
Unloading 1796 Unused Serialized files (Serialized files now loaded: 0)
System memory in use before: 84.4 MB.
System memory in use after: 84.4 MB.

Unloading 12 unused Assets to reduce memory usage. Loaded Objects now: 2245.
Total: 5.498400 ms (FindLiveObjects: 0.554600 ms CreateObjectMapping: 0.198300 ms MarkObjects: 4.438300 ms  DeleteObjects: 0.304500 ms)

========================================================================
Received Prepare
Registering precompiled user dll's ...
Registered in 0.001865 seconds.
Begin MonoManager ReloadAssembly
Native extension for WindowsStandalone target not found
Refreshing native plugins compatible for Editor in 0.54 ms, found 1 plugins.
Preloading 0 native plugins for Editor in 0.00 ms.
Invoked RoslynAnalysisRunner static constructor.
RoslynAnalysisRunner will not be running.
RoslynAnalysisRunner has terminated.
Mono: successfully reloaded assembly
- Completed reload, in  1.628 seconds
Platform modules already initialized, skipping
Refreshing native plugins compatible for Editor in 0.47 ms, found 1 plugins.
Preloading 0 native plugins for Editor in 0.00 ms.
Unloading 1796 Unused Serialized files (Serialized files now loaded: 0)
System memory in use before: 84.5 MB.
System memory in use after: 84.5 MB.

Unloading 12 unused Assets to reduce memory usage. Loaded Objects now: 2248.
Total: 3.241300 ms (FindLiveObjects: 0.253900 ms CreateObjectMapping: 0.096100 ms MarkObjects: 2.717400 ms  DeleteObjects: 0.170500 ms)

========================================================================
Received Import Request.
  Time since last request: 329.671245 seconds.
  path: Assets/Scripts/Transport.cs
  artifactKey: Guid(7c8495b93ddf58a42905ee3d03ba389b) Importer(815301076,1909f56bfc062723c751e8b465ee728b)
Start importing Assets/Scripts/Transport.cs using Guid(7c8495b93ddf58a42905ee3d03ba389b) Importer(815301076,1909f56bfc062723c751e8b465ee728b)  -> (artifact id: 'b972f69241ea4c16e92f26720103d334') in 0.006779 seconds
  Import took 0.011481 seconds .

========================================================================
Received Import Request.
  Time since last request: 7.104484 seconds.
  path: Assets/Scripts/IDefenceType.cs
  artifactKey: Guid(9e26843df5ac2f44887798e2d2ac3c08) Importer(815301076,1909f56bfc062723c751e8b465ee728b)
Start importing Assets/Scripts/IDefenceType.cs using Guid(9e26843df5ac2f44887798e2d2ac3c08) Importer(815301076,1909f56bfc062723c751e8b465ee728b)  -> (artifact id: '46fde63abe806e25be41b6c2e361d541') in 0.065230 seconds
  Import took 0.078015 seconds .

========================================================================
Received Prepare
Registering precompiled user dll's ...
Registered in 0.001251 seconds.
Begin MonoManager ReloadAssembly
Native extension for WindowsStandalone target not found
Refreshing native plugins compatible for Editor in 0.62 ms, found 1 plugins.
Preloading 0 native plugins for Editor in 0.00 ms.
Invoked RoslynAnalysisRunner static constructor.
RoslynAnalysisRunner will not be running.
RoslynAnalysisRunner has terminated.
Mono: successfully reloaded assembly
- Completed reload, in  1.733 seconds
Platform modules already initialized, skipping
Refreshing native plugins compatible for Editor in 0.46 ms, found 1 plugins.
Preloading 0 native plugins for Editor in 0.00 ms.
Unloading 1797 Unused Serialized files (Serialized files now loaded: 0)
System memory in use before: 84.6 MB.
System memory in use after: 84.6 MB.

Unloading 12 unused Assets to reduce memory usage. Loaded Objects now: 2252.
Total: 4.343800 ms (FindLiveObjects: 0.350800 ms CreateObjectMapping: 0.133300 ms MarkObjects: 3.622900 ms  DeleteObjects: 0.233500 ms)

========================================================================
Received Prepare
Registering precompiled user dll's ...
Registered in 0.002135 seconds.
Begin MonoManager ReloadAssembly
Native extension for WindowsStandalone target not found
Refreshing native plugins compatible for Editor in 0.94 ms, found 1 plugins.
Preloading 0 native plugins for Editor in 0.00 ms.
Invoked RoslynAnalysisRunner static constructor.
RoslynAnalysisRunner will not be running.
RoslynAnalysisRunner has terminated.
Mono: successfully reloaded assembly
- Completed reload, in  1.770 seconds
Platform modules already initialized, skipping
Refreshing native plugins compatible for Editor in 0.67 ms, found 1 plugins.
Preloading 0 native plugins for Editor in 0.00 ms.
Unloading 1797 Unused Serialized files (Serialized files now loaded: 0)
System memory in use before: 84.7 MB.
System memory in use after: 84.7 MB.

Unloading 12 unused Assets to reduce memory usage. Loaded Objects now: 2255.
Total: 4.567700 ms (FindLiveObjects: 0.838500 ms CreateObjectMapping: 0.184200 ms MarkObjects: 3.186100 ms  DeleteObjects: 0.356500 ms)

========================================================================
Received Import Request.
  Time since last request: 803.517669 seconds.
  path: Assets/Scripts/ISpawnerUnit.cs
  artifactKey: Guid(1c5a9f8a8a3073c479294498d27e9ef8) Importer(815301076,1909f56bfc062723c751e8b465ee728b)
Start importing Assets/Scripts/ISpawnerUnit.cs using Guid(1c5a9f8a8a3073c479294498d27e9ef8) Importer(815301076,1909f56bfc062723c751e8b465ee728b)  -> (artifact id: '1c39b2161a2d55f29230d1d55fb4d2bb') in 0.077244 seconds
  Import took 0.096648 seconds .

========================================================================
Received Prepare
Registering precompiled user dll's ...
Registered in 0.001219 seconds.
Begin MonoManager ReloadAssembly
Native extension for WindowsStandalone target not found
Refreshing native plugins compatible for Editor in 0.51 ms, found 1 plugins.
Preloading 0 native plugins for Editor in 0.00 ms.
Invoked RoslynAnalysisRunner static constructor.
RoslynAnalysisRunner will not be running.
RoslynAnalysisRunner has terminated.
Mono: successfully reloaded assembly
- Completed reload, in  1.757 seconds
Platform modules already initialized, skipping
Refreshing native plugins compatible for Editor in 1.19 ms, found 1 plugins.
Preloading 0 native plugins for Editor in 0.00 ms.
Unloading 1798 Unused Serialized files (Serialized files now loaded: 0)
System memory in use before: 84.8 MB.
System memory in use after: 84.8 MB.

Unloading 12 unused Assets to reduce memory usage. Loaded Objects now: 2259.
Total: 3.453900 ms (FindLiveObjects: 0.269800 ms CreateObjectMapping: 0.113800 ms MarkObjects: 2.758800 ms  DeleteObjects: 0.309100 ms)

========================================================================
Received Prepare
Registering precompiled user dll's ...
Registered in 0.003786 seconds.
Begin MonoManager ReloadAssembly
Native extension for WindowsStandalone target not found
Refreshing native plugins compatible for Editor in 0.81 ms, found 1 plugins.
Preloading 0 native plugins for Editor in 0.00 ms.
Invoked RoslynAnalysisRunner static constructor.
RoslynAnalysisRunner will not be running.
RoslynAnalysisRunner has terminated.
Mono: successfully reloaded assembly
- Completed reload, in  2.143 seconds
Platform modules already initialized, skipping
Refreshing native plugins compatible for Editor in 0.72 ms, found 1 plugins.
Preloading 0 native plugins for Editor in 0.00 ms.
Unloading 1798 Unused Serialized files (Serialized files now loaded: 0)
System memory in use before: 84.9 MB.
System memory in use after: 84.9 MB.

Unloading 12 unused Assets to reduce memory usage. Loaded Objects now: 2262.
Total: 7.047600 ms (FindLiveObjects: 0.402300 ms CreateObjectMapping: 0.136800 ms MarkObjects: 5.966700 ms  DeleteObjects: 0.538400 ms)

